<?xml version="1.0" encoding="UTF-8"?>
<!-- Generated by org.testng.reporters.JUnitReportReporter -->
<testsuite hostname="Eyobs-MacBook-Air.local" failures="0" tests="6" name="Tests.HomePageTest" time="3.090" errors="0" timestamp="2025-09-16T14:16:21 PDT" skipped="0">
  <testcase classname="Tests.HomePageTest" name="homePageValidation" time="0.011"/>
  <testcase classname="Tests.HomePageTest" name="navigateToLoginAndRegistrationPageTest" time="0.856"/>
  <testcase classname="Tests.HomePageTest" name="navigateToMacPageTest" time="0.470"/>
  <testcase classname="Tests.HomePageTest" name="navigateToIPhonePageTest" time="0.569"/>
  <testcase classname="Tests.HomePageTest" name="navigateToWatchPageTest" time="0.674"/>
  <testcase classname="Tests.HomePageTest" name="navigateToAccessoriesPageTest" time="0.510"/>
</testsuite> <!-- Tests.HomePageTest -->
