<?xml version="1.0" encoding="UTF-8"?>
<!-- Generated by org.testng.reporters.JUnitReportReporter -->
<testsuite hostname="Eyobs-MacBook-Air.local" failures="0" tests="5" name="Tests.RegistrationPageTest" time="7.651" errors="0" timestamp="2025-09-23T10:36:27 PDT" skipped="0">
  <testcase classname="Tests.RegistrationPageTest" name="userNameRequiredTest" time="1.937"/>
  <testcase classname="Tests.RegistrationPageTest" name="emailRequiredTest" time="1.924"/>
  <testcase classname="Tests.RegistrationPageTest" name="passwordRequiredTest" time="1.231"/>
  <testcase classname="Tests.RegistrationPageTest" name="privacyPolicyPageValidation" time="0.568"/>
  <testcase classname="Tests.RegistrationPageTest" name="doRegistrationTest" time="1.991"/>
</testsuite> <!-- Tests.RegistrationPageTest -->
