<?xml version="1.0" encoding="UTF-8"?>
<!-- Generated by org.testng.reporters.JUnitReportReporter -->
<testsuite hostname="Eyobs-MacBook-Air.local" failures="0" tests="9" name="Tests.LoginPageTest" time="20.211" errors="0" timestamp="2025-09-23T10:36:27 PDT" skipped="0">
  <testcase classname="Tests.LoginPageTest" name="loginWithWrongUseNameAndPasswordTest" time="1.261"/>
  <testcase classname="Tests.LoginPageTest" name="loginWithWrongPasswordTest" time="1.193"/>
  <testcase classname="Tests.LoginPageTest" name="loginUserNameRequiredTest" time="1.168"/>
  <testcase classname="Tests.LoginPageTest" name="loginPasswordRequiredTest" time="1.008"/>
  <testcase classname="Tests.LoginPageTest" name="forgotPasswordTest" time="2.284"/>
  <testcase classname="Tests.LoginPageTest" name="doLoginTest" time="2.908"/>
  <testcase classname="Tests.LoginPageTest" name="navigateToAccountDetailsPageTest" time="3.400"/>
  <testcase classname="Tests.LoginPageTest" name="navigateToAddProductPageTest" time="3.788"/>
  <testcase classname="Tests.LoginPageTest" name="doLogoutTest" time="3.201"/>
</testsuite> <!-- Tests.LoginPageTest -->
