<?xml version="1.0" encoding="UTF-8"?>
<!-- Generated by org.testng.reporters.JUnitReportReporter -->
<testsuite hostname="Eyobs-MacBook-Air.local" failures="0" tests="6" name="Tests.LoginPageTest" time="10.193" errors="0" timestamp="2025-09-16T14:16:21 PDT" skipped="0">
  <testcase classname="Tests.LoginPageTest" name="loginWithWrongUseNameAndPasswordTest" time="2.781"/>
  <testcase classname="Tests.LoginPageTest" name="loginWithWrongPasswordTest" time="1.352"/>
  <testcase classname="Tests.LoginPageTest" name="loginUserNameRequiredTest" time="1.214"/>
  <testcase classname="Tests.LoginPageTest" name="loginPasswordRequiredTest" time="1.109"/>
  <testcase classname="Tests.LoginPageTest" name="forgotPasswordTest" time="2.259"/>
  <testcase classname="Tests.LoginPageTest" name="LoginTest" time="1.478"/>
</testsuite> <!-- Tests.LoginPageTest -->
