<?xml version="1.0" encoding="UTF-8"?>
<!-- Generated by org.testng.reporters.JUnitReportReporter -->
<testsuite hostname="Eyobs-MacBook-Air.local" failures="0" tests="6" name="Tests.HomePageTest" time="3.143" errors="0" timestamp="2025-09-23T10:36:27 PDT" skipped="0">
  <testcase classname="Tests.HomePageTest" name="homePageValidation" time="0.001"/>
  <testcase classname="Tests.HomePageTest" name="navigateToLoginAndRegistrationPageTest" time="0.669"/>
  <testcase classname="Tests.HomePageTest" name="navigateToMacPageTest" time="0.565"/>
  <testcase classname="Tests.HomePageTest" name="navigateToIPhonePageTest" time="0.541"/>
  <testcase classname="Tests.HomePageTest" name="navigateToWatchPageTest" time="0.717"/>
  <testcase classname="Tests.HomePageTest" name="navigateToAccessoriesPageTest" time="0.650"/>
</testsuite> <!-- Tests.HomePageTest -->
