<?xml version="1.0" encoding="UTF-8"?>
<!-- Generated by org.testng.reporters.JUnitReportReporter -->
<testsuite hostname="Eyobs-MacBook-Air.local" failures="0" tests="5" name="Tests.RegistrationPageTest" time="8.284" errors="0" timestamp="2025-09-16T14:16:21 PDT" skipped="0">
  <testcase classname="Tests.RegistrationPageTest" name="userNameRequiredTest" time="2.772"/>
  <testcase classname="Tests.RegistrationPageTest" name="emailRequiredTest" time="0.997"/>
  <testcase classname="Tests.RegistrationPageTest" name="passwordRequiredTest" time="1.135"/>
  <testcase classname="Tests.RegistrationPageTest" name="privacyPolicyPageValidation" time="0.612"/>
  <testcase classname="Tests.RegistrationPageTest" name="doRegistrationTest" time="2.768"/>
</testsuite> <!-- Tests.RegistrationPageTest -->
